Traceback (most recent call last):
  File "C:\Users\beck\miniforge3\envs\jubook\lib\site-packages\jupyter_cache\executors\utils.py", line 64, in single_nb_execution
    **kwargs,
  File "C:\Users\beck\miniforge3\envs\jubook\lib\site-packages\nbclient\client.py", line 1204, in execute
    return NotebookClient(nb=nb, resources=resources, km=km, **kwargs).execute()
  File "C:\Users\beck\miniforge3\envs\jubook\lib\site-packages\nbclient\util.py", line 84, in wrapped
    return just_run(coro(*args, **kwargs))
  File "C:\Users\beck\miniforge3\envs\jubook\lib\site-packages\nbclient\util.py", line 62, in just_run
    return loop.run_until_complete(coro)
  File "C:\Users\beck\miniforge3\envs\jubook\lib\asyncio\base_events.py", line 573, in run_until_complete
    return future.result()
  File "C:\Users\beck\miniforge3\envs\jubook\lib\site-packages\nbclient\client.py", line 664, in async_execute
    cell, index, execution_count=self.code_cells_executed + 1
  File "C:\Users\beck\miniforge3\envs\jubook\lib\site-packages\nbclient\client.py", line 965, in async_execute_cell
    await self._check_raise_for_error(cell, cell_index, exec_reply)
  File "C:\Users\beck\miniforge3\envs\jubook\lib\site-packages\nbclient\client.py", line 862, in _check_raise_for_error
    raise CellExecutionError.from_cell_and_msg(cell, exec_reply_content)
nbclient.exceptions.CellExecutionError: An error occurred while executing the following cell:
------------------
fig = plt.figure(figsize=(13, 5))
plt.imshow(res_2D_p, extent = [0, ax, 0, by], norm='linear', interpolation='bilinear', aspect='1', origin='lower')
plt.colorbar()
X, Y = np.meshgrid(x2, y2)
#levels = np.arange(0, 0.9, 0.2)
CS = plt.contour(X, Y, res_2D_p, colors='r', linewidths=0.5)#, levels=levels)
plt.clabel(CS, inline=1, fontsize=10)
plt.title('2D Distribution')
plt.ylabel('width, y')
plt.xlabel('depth, x')
plt.show()
------------------

[1;31m---------------------------------------------------------------------------[0m
[1;31mTypeError[0m                                 Traceback (most recent call last)
[1;32m~\AppData\Local\Temp\ipykernel_25604\2532634046.py[0m in [0;36m<module>[1;34m[0m
[0;32m      1[0m [0mfig[0m [1;33m=[0m [0mplt[0m[1;33m.[0m[0mfigure[0m[1;33m([0m[0mfigsize[0m[1;33m=[0m[1;33m([0m[1;36m13[0m[1;33m,[0m [1;36m5[0m[1;33m)[0m[1;33m)[0m[1;33m[0m[1;33m[0m[0m
[1;32m----> 2[1;33m [0mplt[0m[1;33m.[0m[0mimshow[0m[1;33m([0m[0mres_2D_p[0m[1;33m,[0m [0mextent[0m [1;33m=[0m [1;33m[[0m[1;36m0[0m[1;33m,[0m [0max[0m[1;33m,[0m [1;36m0[0m[1;33m,[0m [0mby[0m[1;33m][0m[1;33m,[0m [0mnorm[0m[1;33m=[0m[1;34m'linear'[0m[1;33m,[0m [0minterpolation[0m[1;33m=[0m[1;34m'bilinear'[0m[1;33m,[0m [0maspect[0m[1;33m=[0m[1;34m'1'[0m[1;33m,[0m [0morigin[0m[1;33m=[0m[1;34m'lower'[0m[1;33m)[0m[1;33m[0m[1;33m[0m[0m
[0m[0;32m      3[0m [0mplt[0m[1;33m.[0m[0mcolorbar[0m[1;33m([0m[1;33m)[0m[1;33m[0m[1;33m[0m[0m
[0;32m      4[0m [0mX[0m[1;33m,[0m [0mY[0m [1;33m=[0m [0mnp[0m[1;33m.[0m[0mmeshgrid[0m[1;33m([0m[0mx2[0m[1;33m,[0m [0my2[0m[1;33m)[0m[1;33m[0m[1;33m[0m[0m
[0;32m      5[0m [1;31m#levels = np.arange(0, 0.9, 0.2)[0m[1;33m[0m[1;33m[0m[1;33m[0m[0m

[1;32m~\miniforge3\envs\Jubook\lib\site-packages\matplotlib\_api\deprecation.py[0m in [0;36mwrapper[1;34m(*args, **kwargs)[0m
[0;32m    457[0m                 [1;34m"parameter will become keyword-only %(removal)s."[0m[1;33m,[0m[1;33m[0m[1;33m[0m[0m
[0;32m    458[0m                 name=name, obj_type=f"parameter of {func.__name__}()")
[1;32m--> 459[1;33m         [1;32mreturn[0m [0mfunc[0m[1;33m([0m[1;33m*[0m[0margs[0m[1;33m,[0m [1;33m**[0m[0mkwargs[0m[1;33m)[0m[1;33m[0m[1;33m[0m[0m
[0m[0;32m    460[0m [1;33m[0m[0m
[0;32m    461[0m     [1;31m# Don't modify *func*'s signature, as boilerplate.py needs it.[0m[1;33m[0m[1;33m[0m[1;33m[0m[0m

[1;32m~\miniforge3\envs\Jubook\lib\site-packages\matplotlib\pyplot.py[0m in [0;36mimshow[1;34m(X, cmap, norm, aspect, interpolation, alpha, vmin, vmax, origin, extent, interpolation_stage, filternorm, filterrad, resample, url, data, **kwargs)[0m
[0;32m   2655[0m         [0mfilternorm[0m[1;33m=[0m[0mfilternorm[0m[1;33m,[0m [0mfilterrad[0m[1;33m=[0m[0mfilterrad[0m[1;33m,[0m [0mresample[0m[1;33m=[0m[0mresample[0m[1;33m,[0m[1;33m[0m[1;33m[0m[0m
[0;32m   2656[0m         [0murl[0m[1;33m=[0m[0murl[0m[1;33m,[0m [1;33m**[0m[1;33m([0m[1;33m{[0m[1;34m"data"[0m[1;33m:[0m [0mdata[0m[1;33m}[0m [1;32mif[0m [0mdata[0m [1;32mis[0m [1;32mnot[0m [1;32mNone[0m [1;32melse[0m [1;33m{[0m[1;33m}[0m[1;33m)[0m[1;33m,[0m[1;33m[0m[1;33m[0m[0m
[1;32m-> 2657[1;33m         **kwargs)
[0m[0;32m   2658[0m     [0msci[0m[1;33m([0m[0m__ret[0m[1;33m)[0m[1;33m[0m[1;33m[0m[0m
[0;32m   2659[0m     [1;32mreturn[0m [0m__ret[0m[1;33m[0m[1;33m[0m[0m

[1;32m~\miniforge3\envs\Jubook\lib\site-packages\matplotlib\_api\deprecation.py[0m in [0;36mwrapper[1;34m(*args, **kwargs)[0m
[0;32m    457[0m                 [1;34m"parameter will become keyword-only %(removal)s."[0m[1;33m,[0m[1;33m[0m[1;33m[0m[0m
[0;32m    458[0m                 name=name, obj_type=f"parameter of {func.__name__}()")
[1;32m--> 459[1;33m         [1;32mreturn[0m [0mfunc[0m[1;33m([0m[1;33m*[0m[0margs[0m[1;33m,[0m [1;33m**[0m[0mkwargs[0m[1;33m)[0m[1;33m[0m[1;33m[0m[0m
[0m[0;32m    460[0m [1;33m[0m[0m
[0;32m    461[0m     [1;31m# Don't modify *func*'s signature, as boilerplate.py needs it.[0m[1;33m[0m[1;33m[0m[1;33m[0m[0m

[1;32m~\miniforge3\envs\Jubook\lib\site-packages\matplotlib\__init__.py[0m in [0;36minner[1;34m(ax, data, *args, **kwargs)[0m
[0;32m   1412[0m     [1;32mdef[0m [0minner[0m[1;33m([0m[0max[0m[1;33m,[0m [1;33m*[0m[0margs[0m[1;33m,[0m [0mdata[0m[1;33m=[0m[1;32mNone[0m[1;33m,[0m [1;33m**[0m[0mkwargs[0m[1;33m)[0m[1;33m:[0m[1;33m[0m[1;33m[0m[0m
[0;32m   1413[0m         [1;32mif[0m [0mdata[0m [1;32mis[0m [1;32mNone[0m[1;33m:[0m[1;33m[0m[1;33m[0m[0m
[1;32m-> 1414[1;33m             [1;32mreturn[0m [0mfunc[0m[1;33m([0m[0max[0m[1;33m,[0m [1;33m*[0m[0mmap[0m[1;33m([0m[0msanitize_sequence[0m[1;33m,[0m [0margs[0m[1;33m)[0m[1;33m,[0m [1;33m**[0m[0mkwargs[0m[1;33m)[0m[1;33m[0m[1;33m[0m[0m
[0m[0;32m   1415[0m [1;33m[0m[0m
[0;32m   1416[0m         [0mbound[0m [1;33m=[0m [0mnew_sig[0m[1;33m.[0m[0mbind[0m[1;33m([0m[0max[0m[1;33m,[0m [1;33m*[0m[0margs[0m[1;33m,[0m [1;33m**[0m[0mkwargs[0m[1;33m)[0m[1;33m[0m[1;33m[0m[0m

[1;32m~\miniforge3\envs\Jubook\lib\site-packages\matplotlib\axes\_axes.py[0m in [0;36mimshow[1;34m(self, X, cmap, norm, aspect, interpolation, alpha, vmin, vmax, origin, extent, interpolation_stage, filternorm, filterrad, resample, url, **kwargs)[0m
[0;32m   5483[0m                               [0mfilterrad[0m[1;33m=[0m[0mfilterrad[0m[1;33m,[0m [0mresample[0m[1;33m=[0m[0mresample[0m[1;33m,[0m[1;33m[0m[1;33m[0m[0m
[0;32m   5484[0m                               [0minterpolation_stage[0m[1;33m=[0m[0minterpolation_stage[0m[1;33m,[0m[1;33m[0m[1;33m[0m[0m
[1;32m-> 5485[1;33m                               **kwargs)
[0m[0;32m   5486[0m [1;33m[0m[0m
[0;32m   5487[0m         [0mim[0m[1;33m.[0m[0mset_data[0m[1;33m([0m[0mX[0m[1;33m)[0m[1;33m[0m[1;33m[0m[0m

[1;32m~\miniforge3\envs\Jubook\lib\site-packages\matplotlib\image.py[0m in [0;36m__init__[1;34m(self, ax, cmap, norm, interpolation, origin, extent, filternorm, filterrad, resample, interpolation_stage, **kwargs)[0m
[0;32m    937[0m             [0mresample[0m[1;33m=[0m[0mresample[0m[1;33m,[0m[1;33m[0m[1;33m[0m[0m
[0;32m    938[0m             [0minterpolation_stage[0m[1;33m=[0m[0minterpolation_stage[0m[1;33m,[0m[1;33m[0m[1;33m[0m[0m
[1;32m--> 939[1;33m             [1;33m**[0m[0mkwargs[0m[1;33m[0m[1;33m[0m[0m
[0m[0;32m    940[0m         )
[0;32m    941[0m [1;33m[0m[0m

[1;32m~\miniforge3\envs\Jubook\lib\site-packages\matplotlib\image.py[0m in [0;36m__init__[1;34m(self, ax, cmap, norm, interpolation, origin, filternorm, filterrad, resample, interpolation_stage, **kwargs)[0m
[0;32m    244[0m                  ):
[0;32m    245[0m         [0mmartist[0m[1;33m.[0m[0mArtist[0m[1;33m.[0m[0m__init__[0m[1;33m([0m[0mself[0m[1;33m)[0m[1;33m[0m[1;33m[0m[0m
[1;32m--> 246[1;33m         [0mcm[0m[1;33m.[0m[0mScalarMappable[0m[1;33m.[0m[0m__init__[0m[1;33m([0m[0mself[0m[1;33m,[0m [0mnorm[0m[1;33m,[0m [0mcmap[0m[1;33m)[0m[1;33m[0m[1;33m[0m[0m
[0m[0;32m    247[0m         [1;32mif[0m [0morigin[0m [1;32mis[0m [1;32mNone[0m[1;33m:[0m[1;33m[0m[1;33m[0m[0m
[0;32m    248[0m             [0morigin[0m [1;33m=[0m [0mmpl[0m[1;33m.[0m[0mrcParams[0m[1;33m[[0m[1;34m'image.origin'[0m[1;33m][0m[1;33m[0m[1;33m[0m[0m

[1;32m~\miniforge3\envs\Jubook\lib\site-packages\matplotlib\cm.py[0m in [0;36m__init__[1;34m(self, norm, cmap)[0m
[0;32m    355[0m         [0mself[0m[1;33m.[0m[0m_A[0m [1;33m=[0m [1;32mNone[0m[1;33m[0m[1;33m[0m[0m
[0;32m    356[0m         [0mself[0m[1;33m.[0m[0m_norm[0m [1;33m=[0m [1;32mNone[0m  [1;31m# So that the setter knows we're initializing.[0m[1;33m[0m[1;33m[0m[0m
[1;32m--> 357[1;33m         [0mself[0m[1;33m.[0m[0mset_norm[0m[1;33m([0m[0mnorm[0m[1;33m)[0m  [1;31m# The Normalize instance of this ScalarMappable.[0m[1;33m[0m[1;33m[0m[0m
[0m[0;32m    358[0m         [0mself[0m[1;33m.[0m[0mcmap[0m [1;33m=[0m [1;32mNone[0m  [1;31m# So that the setter knows we're initializing.[0m[1;33m[0m[1;33m[0m[0m
[0;32m    359[0m         [0mself[0m[1;33m.[0m[0mset_cmap[0m[1;33m([0m[0mcmap[0m[1;33m)[0m  [1;31m# The Colormap instance of this ScalarMappable.[0m[1;33m[0m[1;33m[0m[0m

[1;32m~\miniforge3\envs\Jubook\lib\site-packages\matplotlib\cm.py[0m in [0;36mset_norm[1;34m(self, norm)[0m
[0;32m    587[0m         [0mon[0m [0mthe[0m [0mcolorbar[0m [0mto[0m [0mdefault[0m[1;33m.[0m[1;33m[0m[1;33m[0m[0m
[0;32m    588[0m         """
[1;32m--> 589[1;33m         [0mself[0m[1;33m.[0m[0mnorm[0m [1;33m=[0m [0mnorm[0m[1;33m[0m[1;33m[0m[0m
[0m[0;32m    590[0m [1;33m[0m[0m
[0;32m    591[0m     [1;32mdef[0m [0mautoscale[0m[1;33m([0m[0mself[0m[1;33m)[0m[1;33m:[0m[1;33m[0m[1;33m[0m[0m

[1;32m~\miniforge3\envs\Jubook\lib\site-packages\matplotlib\cm.py[0m in [0;36mnorm[1;34m(self, norm)[0m
[0;32m    555[0m     [1;33m@[0m[0mnorm[0m[1;33m.[0m[0msetter[0m[1;33m[0m[1;33m[0m[0m
[0;32m    556[0m     [1;32mdef[0m [0mnorm[0m[1;33m([0m[0mself[0m[1;33m,[0m [0mnorm[0m[1;33m)[0m[1;33m:[0m[1;33m[0m[1;33m[0m[0m
[1;32m--> 557[1;33m         [0m_api[0m[1;33m.[0m[0mcheck_isinstance[0m[1;33m([0m[1;33m([0m[0mcolors[0m[1;33m.[0m[0mNormalize[0m[1;33m,[0m [1;32mNone[0m[1;33m)[0m[1;33m,[0m [0mnorm[0m[1;33m=[0m[0mnorm[0m[1;33m)[0m[1;33m[0m[1;33m[0m[0m
[0m[0;32m    558[0m         [1;32mif[0m [0mnorm[0m [1;32mis[0m [1;32mNone[0m[1;33m:[0m[1;33m[0m[1;33m[0m[0m
[0;32m    559[0m             [0mnorm[0m [1;33m=[0m [0mcolors[0m[1;33m.[0m[0mNormalize[0m[1;33m([0m[1;33m)[0m[1;33m[0m[1;33m[0m[0m

[1;32m~\miniforge3\envs\Jubook\lib\site-packages\matplotlib\_api\__init__.py[0m in [0;36mcheck_isinstance[1;34m(_types, **kwargs)[0m
[0;32m     96[0m                     [1;34m", "[0m[1;33m.[0m[0mjoin[0m[1;33m([0m[0mnames[0m[1;33m[[0m[1;33m:[0m[1;33m-[0m[1;36m1[0m[1;33m][0m[1;33m)[0m [1;33m+[0m [1;34m" or "[0m [1;33m+[0m [0mnames[0m[1;33m[[0m[1;33m-[0m[1;36m1[0m[1;33m][0m[1;33m[0m[1;33m[0m[0m
[0;32m     97[0m                     [1;32mif[0m [0mlen[0m[1;33m([0m[0mnames[0m[1;33m)[0m [1;33m>[0m [1;36m1[0m [1;32melse[0m [0mnames[0m[1;33m[[0m[1;36m0[0m[1;33m][0m[1;33m,[0m[1;33m[0m[1;33m[0m[0m
[1;32m---> 98[1;33m                     type_name(type(v))))
[0m[0;32m     99[0m [1;33m[0m[0m
[0;32m    100[0m [1;33m[0m[0m

[1;31mTypeError[0m: 'norm' must be an instance of matplotlib.colors.Normalize or None, not a str
TypeError: 'norm' must be an instance of matplotlib.colors.Normalize or None, not a str

